2021-02-03 17:48:51.871  INFO 6744 --- [restartedMain] com.wishlist.WishListApplication         : Starting WishListApplication using Java 1.8.0_251 on DESKTOP-HHSLDAS with PID 6744 (C:\Users\cartm\eclipse-workspace\WishList\target\classes started by cartm in C:\Users\cartm\eclipse-workspace\WishList)
2021-02-03 17:48:51.879  INFO 6744 --- [restartedMain] com.wishlist.WishListApplication         : No active profile set, falling back to default profiles: default
2021-02-03 17:48:52.231  INFO 6744 --- [restartedMain] .e.DevToolsPropertyDefaultsPostProcessor : Devtools property defaults active! Set 'spring.devtools.add-properties' to 'false' to disable
2021-02-03 17:48:52.232  INFO 6744 --- [restartedMain] .e.DevToolsPropertyDefaultsPostProcessor : For additional web related logging consider setting the 'logging.level.web' property to 'DEBUG'
2021-02-03 17:48:53.810  INFO 6744 --- [restartedMain] .s.d.r.c.RepositoryConfigurationDelegate : Bootstrapping Spring Data JPA repositories in DEFAULT mode.
2021-02-03 17:48:53.847  INFO 6744 --- [restartedMain] .s.d.r.c.RepositoryConfigurationDelegate : Finished Spring Data repository scanning in 21 ms. Found 0 JPA repository interfaces.
2021-02-03 17:48:54.437  INFO 6744 --- [restartedMain] trationDelegate$BeanPostProcessorChecker : Bean 'org.springframework.security.access.expression.method.DefaultMethodSecurityExpressionHandler@165b7a06' of type [org.springframework.security.access.expression.method.DefaultMethodSecurityExpressionHandler] is not eligible for getting processed by all BeanPostProcessors (for example: not eligible for auto-proxying)
2021-02-03 17:48:54.447  INFO 6744 --- [restartedMain] trationDelegate$BeanPostProcessorChecker : Bean 'methodSecurityMetadataSource' of type [org.springframework.security.access.method.DelegatingMethodSecurityMetadataSource] is not eligible for getting processed by all BeanPostProcessors (for example: not eligible for auto-proxying)
2021-02-03 17:48:54.856  INFO 6744 --- [restartedMain] o.s.b.w.embedded.tomcat.TomcatWebServer  : Tomcat initialized with port(s): 8080 (http)
2021-02-03 17:48:54.871  INFO 6744 --- [restartedMain] o.apache.catalina.core.StandardService   : Starting service [Tomcat]
2021-02-03 17:48:54.872  INFO 6744 --- [restartedMain] org.apache.catalina.core.StandardEngine  : Starting Servlet engine: [Apache Tomcat/9.0.41]
2021-02-03 17:48:54.988  INFO 6744 --- [restartedMain] o.a.c.c.C.[Tomcat].[localhost].[/]       : Initializing Spring embedded WebApplicationContext
2021-02-03 17:48:54.988  INFO 6744 --- [restartedMain] w.s.c.ServletWebServerApplicationContext : Root WebApplicationContext: initialization completed in 2754 ms
2021-02-03 17:48:55.255  INFO 6744 --- [restartedMain] com.zaxxer.hikari.HikariDataSource       : HikariPool-1 - Starting...
2021-02-03 17:48:56.555  INFO 6744 --- [restartedMain] com.zaxxer.hikari.HikariDataSource       : HikariPool-1 - Start completed.
2021-02-03 17:48:56.644  INFO 6744 --- [restartedMain] o.hibernate.jpa.internal.util.LogHelper  : HHH000204: Processing PersistenceUnitInfo [name: default]
2021-02-03 17:48:56.772  INFO 6744 --- [restartedMain] org.hibernate.Version                    : HHH000412: Hibernate ORM core version 5.4.27.Final
2021-02-03 17:48:57.201  INFO 6744 --- [restartedMain] o.hibernate.annotations.common.Version   : HCANN000001: Hibernate Commons Annotations {5.1.2.Final}
2021-02-03 17:48:57.510  INFO 6744 --- [restartedMain] org.hibernate.dialect.Dialect            : HHH000400: Using dialect: org.hibernate.dialect.MySQL8Dialect
2021-02-03 17:48:57.867  INFO 6744 --- [restartedMain] o.h.e.t.j.p.i.JtaPlatformInitiator       : HHH000490: Using JtaPlatform implementation: [org.hibernate.engine.transaction.jta.platform.internal.NoJtaPlatform]
2021-02-03 17:48:57.890  INFO 6744 --- [restartedMain] j.LocalContainerEntityManagerFactoryBean : Initialized JPA EntityManagerFactory for persistence unit 'default'
2021-02-03 17:48:57.960  WARN 6744 --- [restartedMain] JpaBaseConfiguration$JpaWebConfiguration : spring.jpa.open-in-view is enabled by default. Therefore, database queries may be performed during view rendering. Explicitly configure spring.jpa.open-in-view to disable this warning
2021-02-03 17:48:58.555  INFO 6744 --- [restartedMain] o.s.s.concurrent.ThreadPoolTaskExecutor  : Initializing ExecutorService 'applicationTaskExecutor'
2021-02-03 17:48:58.688  INFO 6744 --- [restartedMain] o.s.b.a.w.s.WelcomePageHandlerMapping    : Adding welcome page template: index
2021-02-03 17:48:58.815  WARN 6744 --- [restartedMain] org.thymeleaf.templatemode.TemplateMode  : [THYMELEAF][restartedMain] Template Mode 'HTML5' is deprecated. Using Template Mode 'HTML' instead.
2021-02-03 17:48:59.064  INFO 6744 --- [restartedMain] o.s.s.web.DefaultSecurityFilterChain     : Will secure any request with [org.springframework.security.web.context.request.async.WebAsyncManagerIntegrationFilter@72396d87, org.springframework.security.web.context.SecurityContextPersistenceFilter@1153f672, org.springframework.security.web.header.HeaderWriterFilter@6a98d448, org.springframework.security.web.csrf.CsrfFilter@5c56302c, org.springframework.security.web.authentication.logout.LogoutFilter@22e63a6, org.springframework.security.web.authentication.UsernamePasswordAuthenticationFilter@34a9f761, org.springframework.security.web.savedrequest.RequestCacheAwareFilter@3be8e3dc, org.springframework.security.web.servletapi.SecurityContextHolderAwareRequestFilter@9c14bc2, org.springframework.security.web.authentication.AnonymousAuthenticationFilter@9d08e5e, org.springframework.security.web.session.SessionManagementFilter@5336a9c, org.springframework.security.web.access.ExceptionTranslationFilter@2ebbd0ed, org.springframework.security.web.access.intercept.FilterSecurityInterceptor@4ad0cead]
2021-02-03 17:48:59.146  INFO 6744 --- [restartedMain] o.s.b.d.a.OptionalLiveReloadServer       : LiveReload server is running on port 35729
2021-02-03 17:48:59.215  INFO 6744 --- [restartedMain] o.s.b.w.embedded.tomcat.TomcatWebServer  : Tomcat started on port(s): 8080 (http) with context path ''
2021-02-03 17:48:59.234  INFO 6744 --- [restartedMain] com.wishlist.WishListApplication         : Started WishListApplication in 7.928 seconds (JVM running for 9.089)
2021-02-03 17:49:04.308  INFO 6744 --- [http-nio-8080-exec-1] o.a.c.c.C.[Tomcat].[localhost].[/]       : Initializing Spring DispatcherServlet 'dispatcherServlet'
2021-02-03 17:49:04.309  INFO 6744 --- [http-nio-8080-exec-1] o.s.web.servlet.DispatcherServlet        : Initializing Servlet 'dispatcherServlet'
2021-02-03 17:49:04.312  INFO 6744 --- [http-nio-8080-exec-1] o.s.web.servlet.DispatcherServlet        : Completed initialization in 2 ms
2021-02-03 17:49:22.733  INFO 6744 --- [RMI TCP Connection(2)-127.0.0.1] inMXBeanRegistrar$SpringApplicationAdmin : Application shutdown requested.
2021-02-03 17:49:23.072  INFO 6744 --- [RMI TCP Connection(2)-127.0.0.1] o.s.s.concurrent.ThreadPoolTaskExecutor  : Shutting down ExecutorService 'applicationTaskExecutor'
2021-02-03 17:49:23.072  INFO 6744 --- [RMI TCP Connection(2)-127.0.0.1] j.LocalContainerEntityManagerFactoryBean : Closing JPA EntityManagerFactory for persistence unit 'default'
2021-02-03 17:49:23.076  INFO 6744 --- [RMI TCP Connection(2)-127.0.0.1] com.zaxxer.hikari.HikariDataSource       : HikariPool-1 - Shutdown initiated...
2021-02-03 17:49:23.087  INFO 6744 --- [RMI TCP Connection(2)-127.0.0.1] com.zaxxer.hikari.HikariDataSource       : HikariPool-1 - Shutdown completed.
2021-02-03 17:50:58.901  INFO 5560 --- [restartedMain] com.wishlist.WishListApplication         : Starting WishListApplication using Java 1.8.0_251 on DESKTOP-HHSLDAS with PID 5560 (C:\Users\cartm\eclipse-workspace\WishList\target\classes started by cartm in C:\Users\cartm\eclipse-workspace\WishList)
2021-02-03 17:50:58.903  INFO 5560 --- [restartedMain] com.wishlist.WishListApplication         : No active profile set, falling back to default profiles: default
2021-02-03 17:50:59.122  INFO 5560 --- [restartedMain] .e.DevToolsPropertyDefaultsPostProcessor : Devtools property defaults active! Set 'spring.devtools.add-properties' to 'false' to disable
2021-02-03 17:50:59.123  INFO 5560 --- [restartedMain] .e.DevToolsPropertyDefaultsPostProcessor : For additional web related logging consider setting the 'logging.level.web' property to 'DEBUG'
2021-02-03 17:50:59.839  INFO 5560 --- [restartedMain] .s.d.r.c.RepositoryConfigurationDelegate : Bootstrapping Spring Data JPA repositories in DEFAULT mode.
2021-02-03 17:50:59.864  INFO 5560 --- [restartedMain] .s.d.r.c.RepositoryConfigurationDelegate : Finished Spring Data repository scanning in 15 ms. Found 0 JPA repository interfaces.
2021-02-03 17:51:00.238  INFO 5560 --- [restartedMain] trationDelegate$BeanPostProcessorChecker : Bean 'org.springframework.security.access.expression.method.DefaultMethodSecurityExpressionHandler@2d256ad4' of type [org.springframework.security.access.expression.method.DefaultMethodSecurityExpressionHandler] is not eligible for getting processed by all BeanPostProcessors (for example: not eligible for auto-proxying)
2021-02-03 17:51:00.244  INFO 5560 --- [restartedMain] trationDelegate$BeanPostProcessorChecker : Bean 'methodSecurityMetadataSource' of type [org.springframework.security.access.method.DelegatingMethodSecurityMetadataSource] is not eligible for getting processed by all BeanPostProcessors (for example: not eligible for auto-proxying)
2021-02-03 17:51:00.519  INFO 5560 --- [restartedMain] o.s.b.w.embedded.tomcat.TomcatWebServer  : Tomcat initialized with port(s): 8080 (http)
2021-02-03 17:51:00.529  INFO 5560 --- [restartedMain] o.apache.catalina.core.StandardService   : Starting service [Tomcat]
2021-02-03 17:51:00.529  INFO 5560 --- [restartedMain] org.apache.catalina.core.StandardEngine  : Starting Servlet engine: [Apache Tomcat/9.0.41]
2021-02-03 17:51:00.764  INFO 5560 --- [restartedMain] o.a.c.c.C.[Tomcat].[localhost].[/]       : Initializing Spring embedded WebApplicationContext
2021-02-03 17:51:00.765  INFO 5560 --- [restartedMain] w.s.c.ServletWebServerApplicationContext : Root WebApplicationContext: initialization completed in 1641 ms
2021-02-03 17:51:01.297  INFO 5560 --- [restartedMain] com.zaxxer.hikari.HikariDataSource       : HikariPool-1 - Starting...
2021-02-03 17:51:02.011  INFO 5560 --- [restartedMain] com.zaxxer.hikari.HikariDataSource       : HikariPool-1 - Start completed.
2021-02-03 17:51:02.068  INFO 5560 --- [restartedMain] o.hibernate.jpa.internal.util.LogHelper  : HHH000204: Processing PersistenceUnitInfo [name: default]
2021-02-03 17:51:02.132  INFO 5560 --- [restartedMain] org.hibernate.Version                    : HHH000412: Hibernate ORM core version 5.4.27.Final
2021-02-03 17:51:02.305  INFO 5560 --- [restartedMain] o.hibernate.annotations.common.Version   : HCANN000001: Hibernate Commons Annotations {5.1.2.Final}
2021-02-03 17:51:02.436  INFO 5560 --- [restartedMain] org.hibernate.dialect.Dialect            : HHH000400: Using dialect: org.hibernate.dialect.MySQL8Dialect
2021-02-03 17:51:02.616  INFO 5560 --- [restartedMain] o.h.e.t.j.p.i.JtaPlatformInitiator       : HHH000490: Using JtaPlatform implementation: [org.hibernate.engine.transaction.jta.platform.internal.NoJtaPlatform]
2021-02-03 17:51:02.629  INFO 5560 --- [restartedMain] j.LocalContainerEntityManagerFactoryBean : Initialized JPA EntityManagerFactory for persistence unit 'default'
2021-02-03 17:51:02.687  WARN 5560 --- [restartedMain] JpaBaseConfiguration$JpaWebConfiguration : spring.jpa.open-in-view is enabled by default. Therefore, database queries may be performed during view rendering. Explicitly configure spring.jpa.open-in-view to disable this warning
2021-02-03 17:51:02.978  INFO 5560 --- [restartedMain] o.s.s.concurrent.ThreadPoolTaskExecutor  : Initializing ExecutorService 'applicationTaskExecutor'
2021-02-03 17:51:03.050  INFO 5560 --- [restartedMain] o.s.b.a.w.s.WelcomePageHandlerMapping    : Adding welcome page template: index
2021-02-03 17:51:03.125  WARN 5560 --- [restartedMain] org.thymeleaf.templatemode.TemplateMode  : [THYMELEAF][restartedMain] Template Mode 'HTML5' is deprecated. Using Template Mode 'HTML' instead.
2021-02-03 17:51:03.298  INFO 5560 --- [restartedMain] o.s.s.web.DefaultSecurityFilterChain     : Will secure any request with [org.springframework.security.web.context.request.async.WebAsyncManagerIntegrationFilter@49b574ca, org.springframework.security.web.context.SecurityContextPersistenceFilter@20386e2f, org.springframework.security.web.header.HeaderWriterFilter@7e3bcecf, org.springframework.security.web.csrf.CsrfFilter@71b4e078, org.springframework.security.web.authentication.logout.LogoutFilter@42d36923, org.springframework.security.web.authentication.UsernamePasswordAuthenticationFilter@34737d5f, org.springframework.security.web.savedrequest.RequestCacheAwareFilter@5ba236ee, org.springframework.security.web.servletapi.SecurityContextHolderAwareRequestFilter@748ed3a9, org.springframework.security.web.authentication.AnonymousAuthenticationFilter@66037126, org.springframework.security.web.session.SessionManagementFilter@463a1a82, org.springframework.security.web.access.ExceptionTranslationFilter@6e42d338, org.springframework.security.web.access.intercept.FilterSecurityInterceptor@46ae069d]
2021-02-03 17:51:03.353  INFO 5560 --- [restartedMain] o.s.b.d.a.OptionalLiveReloadServer       : LiveReload server is running on port 35729
2021-02-03 17:51:03.396  INFO 5560 --- [restartedMain] o.s.b.w.embedded.tomcat.TomcatWebServer  : Tomcat started on port(s): 8080 (http) with context path ''
2021-02-03 17:51:03.410  INFO 5560 --- [restartedMain] com.wishlist.WishListApplication         : Started WishListApplication in 4.909 seconds (JVM running for 5.99)
2021-02-03 17:51:08.170  INFO 5560 --- [http-nio-8080-exec-1] o.a.c.c.C.[Tomcat].[localhost].[/]       : Initializing Spring DispatcherServlet 'dispatcherServlet'
2021-02-03 17:51:08.171  INFO 5560 --- [http-nio-8080-exec-1] o.s.web.servlet.DispatcherServlet        : Initializing Servlet 'dispatcherServlet'
2021-02-03 17:51:08.173  INFO 5560 --- [http-nio-8080-exec-1] o.s.web.servlet.DispatcherServlet        : Completed initialization in 2 ms
2021-02-03 17:51:34.751  INFO 5560 --- [RMI TCP Connection(2)-127.0.0.1] inMXBeanRegistrar$SpringApplicationAdmin : Application shutdown requested.
2021-02-03 17:51:35.009  INFO 5560 --- [RMI TCP Connection(2)-127.0.0.1] o.s.s.concurrent.ThreadPoolTaskExecutor  : Shutting down ExecutorService 'applicationTaskExecutor'
2021-02-03 17:51:35.010  INFO 5560 --- [RMI TCP Connection(2)-127.0.0.1] j.LocalContainerEntityManagerFactoryBean : Closing JPA EntityManagerFactory for persistence unit 'default'
2021-02-03 17:51:35.015  INFO 5560 --- [RMI TCP Connection(2)-127.0.0.1] com.zaxxer.hikari.HikariDataSource       : HikariPool-1 - Shutdown initiated...
2021-02-03 17:51:35.023  INFO 5560 --- [RMI TCP Connection(2)-127.0.0.1] com.zaxxer.hikari.HikariDataSource       : HikariPool-1 - Shutdown completed.
